[01.10.2025, 23:48:39] Маньяк #СБ(7617031028) @validni4ek: 💻 Личный кабинет
[01.10.2025, 23:48:40] 7617031028 отправил обратную связь: withdraw
[01.10.2025, 23:48:51] Маньяк #СБ(7617031028) @validni4ek: 10
[01.10.2025, 23:50:03] 7617031028 отправил обратную связь: withdraw
[01.10.2025, 23:50:14] Маньяк #СБ(7617031028) @validni4ek: /start
[01.10.2025, 23:50:18] 7617031028 отправил обратную связь: withdraws
[01.10.2025, 23:50:22] 7617031028 отправил обратную связь: declinewithdraw_5
[01.10.2025, 23:50:27] 7617031028 отправил обратную связь: withdraws
[01.10.2025, 23:50:29] 7617031028 отправил обратную связь: declinewithdraw_6
[01.10.2025, 23:50:29] Qwerty(8456001240) @popolamger: 💻 Личный кабинет
[01.10.2025, 23:50:29] 7617031028 отправил обратную связь: withdraws
[01.10.2025, 23:50:30] 7617031028 отправил обратную связь: declinewithdraw_7
[01.10.2025, 23:50:31] 7617031028 отправил обратную связь: withdraws
[01.10.2025, 23:50:32] 8456001240 отправил обратную связь: withdraw
[01.10.2025, 23:50:32] 7617031028 отправил обратную связь: declinewithdraw_8
[01.10.2025, 23:50:33] 7617031028 отправил обратную связь: withdraws
[01.10.2025, 23:50:34] 7617031028 отправил обратную связь: declinewithdraw_9
[01.10.2025, 23:50:35] 7617031028 отправил обратную связь: withdraws
[01.10.2025, 23:50:41] 8456001240 отправил обратную связь: replenish
[01.10.2025, 23:50:42] ГДЕ МОЙ ЧАКОПАЙ!?(5126692664) @da_blun: 💻 Личный кабинет
[01.10.2025, 23:50:44] 7617031028 отправил обратную связь: broadcast
[01.10.2025, 23:50:44] 8456001240 отправил обратную связь: withdraw
[01.10.2025, 23:50:47] ГДЕ МОЙ ЧАКОПАЙ!?(5126692664) @da_blun: 📢 Продвижение
[01.10.2025, 23:50:49] Qwerty(8456001240) @popolamger: 💰 Заработать
[01.10.2025, 23:50:49] ГДЕ МОЙ ЧАКОПАЙ!?(5126692664) @da_blun: 💻 Личный кабинет
[01.10.2025, 23:50:51] Маньяк #СБ(7617031028) @validni4ek: f
[01.10.2025, 23:50:54] Маньяк #СБ(7617031028) @validni4ek: 200
[01.10.2025, 23:54:28] Маньяк #СБ(7617031028) @validni4ek: 🌟 Дорогие гости бота REFERALLROBOT! 🌟

🙏 Прошу искренние извинения — теперь вывод средств доступен от 500 рублей.
Это сделано для вашего удобства и стабильной работы проекта.

💸 Как зарабатывать с ботом?

Приглашай друзей и получай деньги за каждого!

Повышай уровень — и твой коэффициент за приглашённых будет выше! 🚀

Чем активнее ты работаешь, тем больше твой доход!

🔥 Работай вместе с нами и зарабатывай легко!

📢 Хочешь рекламу в свой канал?
Теперь ты можешь купить её прямо здесь в боте!
[01.10.2025, 23:54:30] 7617031028 отправил обратную связь: broadcast_confirm
[01.10.2025, 23:54:41] Sol Blair(8415281680) @Sol_Blair53: 📊 Информация о боте
[01.10.2025, 23:54:43] 8415281680 отправил обратную связь: reftop_all
[01.10.2025, 23:57:45] 😋(893017510) @loxzec: /start
[01.10.2025, 23:59:46] Это Массик?(5083085471) @EtoMassik: /start 7617031028
[01.10.2025, 23:59:50] Это Массик?(5083085471) @EtoMassik: 🎁 Промокоды
[02.10.2025, 00:00:16] Никита(1492863096) @izuruhitachi: /start
[02.10.2025, 00:00:33] Это Массик?(5083085471) @EtoMassik: DXzHmaIQ
[02.10.2025, 00:00:37] Маньяк #СБ(7617031028) @validni4ek: 📊 Информация о боте
[02.10.2025, 00:01:00] Это Массик?(5083085471) @EtoMassik: /start 6734081263
[02.10.2025, 00:01:11] Это Массик?(5083085471) @EtoMassik: 💰 Заработать
[02.10.2025, 00:03:51] Лелик(7170395847) @balatnoi_q: /start
[02.10.2025, 00:04:09] Лелик(7170395847) @balatnoi_q: /start 6734081263
[02.10.2025, 00:04:11] Лелик(7170395847) @balatnoi_q: 🎁 Промокоды
[02.10.2025, 00:04:16] Skittel$$(7978793672) @skettlsss: /start
[02.10.2025, 00:04:49] Лелик(7170395847) @balatnoi_q: Pp58QKtB
[02.10.2025, 00:05:13] ฏ๎๎๎๎๎๎๎๎๎๎๎๎๎๎๎๎๎๎๎๎๎๎๎๎๎๎๎๎๎๎๎๎๎๎๎๎๎๎๎๎๎๎๎๎๎๎๎๎๎๎𝐌𝐎𝐎𝐍𝐋𝐈𝐆𝐇𝐓(7152849412) @moonshine919: 💰 Заработать
[02.10.2025, 00:05:14] Лелик(7170395847) @balatnoi_q: 🎁 Промокоды
[02.10.2025, 00:05:23] ฏ๎๎๎๎๎๎๎๎๎๎๎๎๎๎๎๎๎๎๎๎๎๎๎๎๎๎๎๎๎๎๎๎๎๎๎๎๎๎๎๎๎๎๎๎๎๎๎๎๎๎𝐌𝐎𝐎𝐍𝐋𝐈𝐆𝐇𝐓(7152849412) @moonshine919: 💻 Личный кабинет
[02.10.2025, 00:05:26] 7152849412 отправил обратную связь: withdraw
[02.10.2025, 00:05:30] Лелик(7170395847) @balatnoi_q: dXzHmAIQ
[02.10.2025, 00:05:30] ฏ๎๎๎๎๎๎๎๎๎๎๎๎๎๎๎๎๎๎๎๎๎๎๎๎๎๎๎๎๎๎๎๎๎๎๎๎๎๎๎๎๎๎๎๎๎๎๎๎๎๎𝐌𝐎𝐎𝐍𝐋𝐈𝐆𝐇𝐓(7152849412) @moonshine919: 💰 Заработать
[02.10.2025, 00:05:33] Лелик(7170395847) @balatnoi_q: 💻 Личный кабинет
[02.10.2025, 00:05:38] Лелик(7170395847) @balatnoi_q: 💰 Заработать
[02.10.2025, 00:05:42] ฏ๎๎๎๎๎๎๎๎๎๎๎๎๎๎๎๎๎๎๎๎๎๎๎๎๎๎๎๎๎๎๎๎๎๎๎๎๎๎๎๎๎๎๎๎๎๎๎๎๎๎𝐌𝐎𝐎𝐍𝐋𝐈𝐆𝐇𝐓(7152849412) @moonshine919: 🎁 Промокоды
[02.10.2025, 00:05:43] ฏ๎๎๎๎๎๎๎๎๎๎๎๎๎๎๎๎๎๎๎๎๎๎๎๎๎๎๎๎๎๎๎๎๎๎๎๎๎๎๎๎๎๎๎๎๎๎๎๎๎๎𝐌𝐎𝐎𝐍𝐋𝐈𝐆𝐇𝐓(7152849412) @moonshine919: 💻 Личный кабинет
[02.10.2025, 00:05:47] Лелик(7170395847) @balatnoi_q: 💻 Личный кабинет
[02.10.2025, 00:05:47] ฏ๎๎๎๎๎๎๎๎๎๎๎๎๎๎๎๎๎๎๎๎๎๎๎๎๎๎๎๎๎๎๎๎๎๎๎๎๎๎๎๎๎๎๎๎๎๎๎๎๎๎𝐌𝐎𝐎𝐍𝐋𝐈𝐆𝐇𝐓(7152849412) @moonshine919: 📢 Продвижение
[02.10.2025, 00:05:48] 7170395847 отправил обратную связь: withdraw
[02.10.2025, 00:05:49] ฏ๎๎๎๎๎๎๎๎๎๎๎๎๎๎๎๎๎๎๎๎๎๎๎๎๎๎๎๎๎๎๎๎๎๎๎๎๎๎๎๎๎๎๎๎๎๎๎๎๎๎𝐌𝐎𝐎𝐍𝐋𝐈𝐆𝐇𝐓(7152849412) @moonshine919: 📊 Информация о боте
[02.10.2025, 00:13:00] .(890003991) @z1z2z0z3: /start
[02.10.2025, 00:13:06] smell_zxc(5143783225): /start
[02.10.2025, 00:19:51] Маньяк #СБ(7617031028) @validni4ek: /start
[02.10.2025, 00:19:54] Маньяк #СБ(7617031028) @validni4ek: 📊 Информация о боте
[02.10.2025, 00:20:01] 7617031028 отправил обратную связь: reftop_all
[02.10.2025, 00:28:16] Маньяк #СБ(7617031028) @validni4ek: 📊 Информация о боте
[02.10.2025, 00:28:19] 7617031028 отправил обратную связь: reftop_all
[02.10.2025, 00:28:35] ⁣ ⁣(6734081263) @wtfk56: 📊 Информация о боте
[02.10.2025, 00:28:42] 6734081263 отправил обратную связь: reftop_all
[02.10.2025, 00:40:12] dipxii👾(6391048900) @dipxii_tt: /start 6734081263
[02.10.2025, 00:41:58] Иван(1822162018) @mrbabosia88: /start
[02.10.2025, 00:42:21] Иван(1822162018) @mrbabosia88: /start 6734081263
[02.10.2025, 00:42:24] Иван(1822162018) @mrbabosia88: 🎁 Промокоды
[02.10.2025, 00:42:27] Иван(1822162018) @mrbabosia88: Pp58QKtB
[02.10.2025, 00:42:30] Иван(1822162018) @mrbabosia88: 💰 Заработать
[02.10.2025, 00:42:43] Иван(1822162018) @mrbabosia88: 💻 Личный кабинет
[02.10.2025, 00:42:46] 1822162018 отправил обратную связь: withdraw
[02.10.2025, 00:51:15] Маньяк #СБ(7617031028) @validni4ek: 📊 Информация о боте
[02.10.2025, 00:51:28] Маньяк #СБ(7617031028) @validni4ek: /start
[02.10.2025, 00:51:31] 7617031028 отправил обратную связь: withdraws
[02.10.2025, 00:51:46] 7617031028 отправил обратную связь: broadcast
[02.10.2025, 00:51:51] Маньяк #СБ(7617031028) @validni4ek: w
[02.10.2025, 00:51:53] Маньяк #СБ(7617031028) @validni4ek: 200
[02.10.2025, 00:52:32] Legit Traffic(8066162287) @sa1am_aleykum: /start
[02.10.2025, 00:52:35] Legit Traffic(8066162287) @sa1am_aleykum: 💰 Заработать
[02.10.2025, 00:53:03] Legit Traffic(8066162287) @sa1am_aleykum: 💻 Личный кабинет
[02.10.2025, 00:53:04] 8066162287 отправил обратную связь: withdraw
[02.10.2025, 00:55:00] Маньяк #СБ(7617031028) @validni4ek: странно, не вижу еще что ты хочешь заработать денег!
почему друзей не приглашаешь?
думаешь что тяжело заработать?
Это очень легко!!!
Каждый день в тгк @onemoreleg6
буду сливать промокоды от 50 рублей!!
Только если увижу от тебя хоть какаю-то пользу!!

Так что бро я верю в тебя ты сможешь приглашай как можно больше людей по своей реферальной ссылке и получай свои деньги!
[02.10.2025, 00:55:30] 7617031028 отправил обратную связь: broadcast_confirm
[02.10.2025, 00:56:04] Маньяк #СБ(7617031028) @validni4ek: /start
[02.10.2025, 00:56:06] Маньяк #СБ(7617031028) @validni4ek: 🎁 Промокоды
[02.10.2025, 00:56:14] 7617031028 отправил обратную связь: adminpromocode
[02.10.2025, 00:56:20] Маньяк #СБ(7617031028) @validni4ek: 50
[02.10.2025, 00:56:26] Маньяк #СБ(7617031028) @validni4ek: 67
[02.10.2025, 00:56:31] Маньяк #СБ(7617031028) @validni4ek: 15
[02.10.2025, 00:56:39] Маньяк #СБ(7617031028) @validni4ek: 💰 Заработать
[02.10.2025, 00:58:40] Это Массик?(5083085471) @EtoMassik: /start 7617031028
[02.10.2025, 00:58:42] Это Массик?(5083085471) @EtoMassik: 🎁 Промокоды
[02.10.2025, 00:58:46] Лелик(7170395847) @balatnoi_q: 🎁 Промокоды
[02.10.2025, 00:58:56] ㅤ(6474574942) @chehov77: /start 7617031028
[02.10.2025, 00:58:59] Это Массик?(5083085471) @EtoMassik: gA0kzg0U
[02.10.2025, 00:59:03] Это Массик?(5083085471) @EtoMassik: 💻 Личный кабинет
[02.10.2025, 00:59:05] 5083085471 отправил обратную связь: withdraw
[02.10.2025, 00:59:06] Лелик(7170395847) @balatnoi_q: gA0kzg0U
[02.10.2025, 00:59:10] 𝕵𝖚𝖉𝖊 𝕺𝖇𝖑𝖆𝖉𝖆𝖊𝖙ᴷᴿᴼᴺᴱˣ(800003157) @obIadaet: 💰 Заработать
[02.10.2025, 00:59:10] Лелик(7170395847) @balatnoi_q: 💻 Личный кабинет
[02.10.2025, 00:59:12] Лелик(7170395847) @balatnoi_q: 💰 Заработать
[02.10.2025, 00:59:14] 𝕵𝖚𝖉𝖊 𝕺𝖇𝖑𝖆𝖉𝖆𝖊𝖙ᴷᴿᴼᴺᴱˣ(800003157) @obIadaet: 💻 Личный кабинет
[02.10.2025, 00:59:17] 800003157 отправил обратную связь: withdraw
[02.10.2025, 01:00:16] Маньяк #СБ(7617031028) @validni4ek: 📊 Информация о боте
[02.10.2025, 01:09:09] Маньяк #СБ(7617031028) @validni4ek: 📊 Информация о боте
[02.10.2025, 01:10:56] Mauzerrr(1153959612) @mauzzzerr: /start 6734081263
[02.10.2025, 01:10:58] Mauzerrr(1153959612) @mauzzzerr: 🎁 Промокоды
[02.10.2025, 01:11:41] Mauzerrr(1153959612) @mauzzzerr: /start 6734081263
[02.10.2025, 01:19:10] кто я(1668897714) @lxrrynazlo: /start 6734081263
[02.10.2025, 01:19:10] кто я(1668897714) @lxrrynazlo: 📊 Информация о боте
[02.10.2025, 01:19:11] кто я(1668897714) @lxrrynazlo: 🎁 Промокоды
[02.10.2025, 01:19:14] кто я(1668897714) @lxrrynazlo: Pp58QKtB
[02.10.2025, 01:19:17] кто я(1668897714) @lxrrynazlo: 💻 Личный кабинет
[02.10.2025, 01:19:18] 1668897714 отправил обратную связь: withdraw
[02.10.2025, 01:19:21] кто я(1668897714) @lxrrynazlo: 💰 Заработать
[02.10.2025, 01:19:24] кто я(1668897714) @lxrrynazlo: 📢 Продвижение
[02.10.2025, 01:19:28] кто я(1668897714) @lxrrynazlo: /start 6734081263
[02.10.2025, 01:19:30] 1668897714 отправил обратную связь: orderbroadcast
[02.10.2025, 01:19:36] кто я(1668897714) @lxrrynazlo: 150
[02.10.2025, 01:19:43] кто я(1668897714) @lxrrynazlo: привет
[02.10.2025, 01:19:51] 1668897714 отправил обратную связь: orderbroadcast_decline
[02.10.2025, 01:19:54] кто я(1668897714) @lxrrynazlo: 📢 Продвижение
[02.10.2025, 01:19:55] 1668897714 отправил обратную связь: orderbroadcast
[02.10.2025, 01:20:18] кто я(1668897714) @lxrrynazlo: @wensxl пишите, 100рублей выплата
[02.10.2025, 01:20:23] кто я(1668897714) @lxrrynazlo: 150
[02.10.2025, 01:20:25] кто я(1668897714) @lxrrynazlo: @wensxl пишите, 100рублей выплата
[02.10.2025, 01:20:28] 1668897714 отправил обратную связь: orderbroadcast_confirm
[02.10.2025, 01:21:08] fcdp.(6577258335) @O702YP: /start 7617031028
[02.10.2025, 01:21:13] Sol Blair(8415281680) @Sol_Blair53: 📊 Информация о боте
[02.10.2025, 01:21:38] fcdp.(6577258335) @O702YP: 💰 Заработать
[02.10.2025, 01:21:40] Это Массик?(5083085471) @EtoMassik: 💰 Заработать
[02.10.2025, 01:22:09] fcdp.(6577258335) @O702YP: 🎁 Промокоды
[02.10.2025, 01:22:20] fcdp.(6577258335) @O702YP: /start 6734081263
[02.10.2025, 01:22:33] fcdp.(6577258335) @O702YP: /start 6734081263
[02.10.2025, 01:22:40] fcdp.(6577258335) @O702YP: /start 6734081263
[02.10.2025, 01:22:49] fcdp.(6577258335) @O702YP: 🎁 Промокоды
[02.10.2025, 01:22:52] fcdp.(6577258335) @O702YP: Pp58QKtB
[02.10.2025, 01:22:58] fcdp.(6577258335) @O702YP: 🎁 Промокоды
[02.10.2025, 01:23:23] fcdp.(6577258335) @O702YP: /start 6734081263
[02.10.2025, 01:23:31] Это Массик?(5083085471) @EtoMassik: Где выплата?
[02.10.2025, 01:23:49] fcdp.(6577258335) @O702YP: /start 7617031028
[02.10.2025, 01:24:01] fcdp.(6577258335) @O702YP: /start 7617031028
[02.10.2025, 01:24:05] fcdp.(6577258335) @O702YP: /start 7617031028
[02.10.2025, 01:24:14] fcdp.(6577258335) @O702YP: /start 7617031028
[02.10.2025, 01:24:25] fcdp.(6577258335) @O702YP: 🎁 Промокоды
[02.10.2025, 01:24:27] fcdp.(6577258335) @O702YP: gA0kzg0U
[02.10.2025, 01:24:31] fcdp.(6577258335) @O702YP: 💻 Личный кабинет
[02.10.2025, 01:24:34] 6577258335 отправил обратную связь: withdraw
[02.10.2025, 01:24:48] Это Массик?(5083085471) @EtoMassik: 💻 Личный кабинет
[02.10.2025, 01:24:51] 5083085471 отправил обратную связь: replenish
[02.10.2025, 01:24:52] fcdp.(6577258335) @O702YP: /start 7617031028
[02.10.2025, 01:24:54] fcdp.(6577258335) @O702YP: 🎁 Промокоды
[02.10.2025, 01:24:56] fcdp.(6577258335) @O702YP: Wwd2eVPc
[02.10.2025, 01:25:00] Это Массик?(5083085471) @EtoMassik: 📊 Информация о боте
[02.10.2025, 01:25:12] 5083085471 отправил обратную связь: reftop_day
[02.10.2025, 01:25:18] 5083085471 отправил обратную связь: reftop_all
[02.10.2025, 01:26:04] Маньяк #СБ(7617031028) @validni4ek: 🎁 Промокоды
[02.10.2025, 01:26:07] Маньяк #СБ(7617031028) @validni4ek: Wwd2eVPc
[02.10.2025, 01:26:55] Маньяк #СБ(7617031028) @validni4ek: /ban 6313864249
[02.10.2025, 01:27:01] Маньяк #СБ(7617031028) @validni4ek: /admin
[02.10.2025, 01:27:03] Маньяк #СБ(7617031028) @validni4ek: /admins
[02.10.2025, 01:27:05] Маньяк #СБ(7617031028) @validni4ek: /rules
[02.10.2025, 01:27:14] Маньяк #СБ(7617031028) @validni4ek: /giverubs
[02.10.2025, 01:27:16] Маньяк #СБ(7617031028) @validni4ek: /start
[02.10.2025, 01:27:23] 7617031028 отправил обратную связь: changebalance
[02.10.2025, 01:32:07] Хнык(648481152) @gnbck: /start
[02.10.2025, 01:32:12] Хнык(648481152) @gnbck: 💰 Заработать
[02.10.2025, 01:32:22] Хнык(648481152) @gnbck: 💻 Личный кабинет
[02.10.2025, 01:32:27] Хнык(648481152) @gnbck: 💰 Заработать
[02.10.2025, 01:35:08] Маньяк #СБ(7617031028) @validni4ek: 📊 Информация о боте
[02.10.2025, 01:52:50] oxtein(1086961585) @fnutsss: /start
[02.10.2025, 01:52:55] oxtein(1086961585) @fnutsss: /start 6734081263
